0 info it worked if it ends with ok
1 verbose cli [ 'node', '/usr/local/bin/npm', 'publish' ]
2 info using npm@1.4.24
3 info using node@v0.10.30
4 verbose publish [ '.' ]
5 verbose cache add [ '.', null ]
6 verbose cache add name=undefined spec="." args=[".",null]
7 verbose parsed url { protocol: null,
7 verbose parsed url   slashes: null,
7 verbose parsed url   auth: null,
7 verbose parsed url   host: null,
7 verbose parsed url   port: null,
7 verbose parsed url   hostname: null,
7 verbose parsed url   hash: null,
7 verbose parsed url   search: null,
7 verbose parsed url   query: null,
7 verbose parsed url   pathname: '.',
7 verbose parsed url   path: '.',
7 verbose parsed url   href: '.' }
8 silly lockFile 3a52ce78- .
9 verbose lock . /Users/craig/.npm/3a52ce78-.lock
10 verbose tar pack [ '/Users/craig/.npm/mojojs/0.9.0/package.tgz', '.' ]
11 verbose tarball /Users/craig/.npm/mojojs/0.9.0/package.tgz
12 verbose folder .
13 info prepublish mojojs@0.9.0
14 silly lockFile 1f1177db-tar tar://.
15 verbose lock tar://. /Users/craig/.npm/1f1177db-tar.lock
16 silly lockFile e73ded2c-aig-npm-mojojs-0-9-0-package-tgz tar:///Users/craig/.npm/mojojs/0.9.0/package.tgz
17 verbose lock tar:///Users/craig/.npm/mojojs/0.9.0/package.tgz /Users/craig/.npm/e73ded2c-aig-npm-mojojs-0-9-0-package-tgz.lock
18 silly lockFile 1f1177db-tar tar://.
19 silly lockFile 1f1177db-tar tar://.
20 silly lockFile e73ded2c-aig-npm-mojojs-0-9-0-package-tgz tar:///Users/craig/.npm/mojojs/0.9.0/package.tgz
21 silly lockFile e73ded2c-aig-npm-mojojs-0-9-0-package-tgz tar:///Users/craig/.npm/mojojs/0.9.0/package.tgz
22 silly lockFile 0adf7747-s-craig-npm-mojojs-0-9-0-package /Users/craig/.npm/mojojs/0.9.0/package
23 verbose lock /Users/craig/.npm/mojojs/0.9.0/package /Users/craig/.npm/0adf7747-s-craig-npm-mojojs-0-9-0-package.lock
24 silly lockFile 0adf7747-s-craig-npm-mojojs-0-9-0-package /Users/craig/.npm/mojojs/0.9.0/package
25 silly lockFile 0adf7747-s-craig-npm-mojojs-0-9-0-package /Users/craig/.npm/mojojs/0.9.0/package
26 silly lockFile 3a52ce78- .
27 silly lockFile 3a52ce78- .
28 silly publish { name: 'mojojs',
28 silly publish   description: 'Mojo.js is a customizable, modular JavaScript framework inspired by Node.js and Backbone.js. The framework is entirely modular - everything is broken out into smaller, more manageable libraries that allow you to cherry-pick exactly what features you want to use for your application. These libraries include the application, models, views, template engine, router. These libraries were designed to work well with one-another, but not depend on each other. This means that you can even use your own models, views, template engine, or router, and Mojo.js will play nicely with them.',
28 silly publish   version: '0.9.0',
28 silly publish   main: './lib/index.js',
28 silly publish   scripts: { build: 'make all' },
28 silly publish   repository:
28 silly publish    { type: 'git',
28 silly publish      url: 'https://crcn@github.com/classdojo/mojo.js.git' },
28 silly publish   author: '',
28 silly publish   license: 'ISC',
28 silly publish   bugs: { url: 'https://github.com/classdojo/mojo.js/issues' },
28 silly publish   browser:
28 silly publish    { zepto: './vendor/zepto.js',
28 silly publish      jquery: './vendor/jquery.js',
28 silly publish      inject: './vendor/inject/inject.js',
28 silly publish      'inject-css': './vendor/inject/plugins/css.js',
28 silly publish      'inject-json': './vendor/inject/plugins/json.js',
28 silly publish      'inject-text': './vendor/inject/plugins/text.js' },
28 silly publish   homepage: 'https://github.com/classdojo/mojo.js',
28 silly publish   dependencies:
28 silly publish    { bindable: '0.5.x',
28 silly publish      inject: '^1.0.0-beta2',
28 silly publish      'mojo-application': '0.0.x',
28 silly publish      'mojo-bootstrap': '0.0.x',
28 silly publish      'mojo-models': '0.1.x',
28 silly publish      'mojo-paperclip': '0.5.x',
28 silly publish      'mojo-router': '0.5.x',
28 silly publish      'mojo-views': '0.1.x',
28 silly publish      'node-static': '^0.7.6',
28 silly publish      paperclip: '0.4.x' },
28 silly publish   devDependencies:
28 silly publish    { 'expect.js': '0.3.1',
28 silly publish      jshint: '^2.5.4',
28 silly publish      mocha: '1.21.4',
28 silly publish      'mojo-cli': '0.0.x',
28 silly publish      static: '^2.0.0' },
28 silly publish   readme: 'Mojo.js is a customizable, modular JavaScript framework inspired by Node.js and Backbone.js. The framework is entirely modular - everything is broken out into smaller, more manageable libraries that allow you to cherry-pick exactly what features you want to use for your application. These libraries include the application, models, views, template engine, router. These libraries were designed to work well with one-another, but not depend on each other. This means that you can even use your own models, views, template engine, or router, and Mojo.js will play nicely with them.\n\nMojo.js was designed with the Strangler Pattern in mind. If you already have a pre-existing application, you can easily build Mojo on-top of it without a full, application re-write. Meaning you can slowly ease into it without worrying about the all-or-nothing approach associated with most JavaScript frameworks.\n\nThis library comes bundles with: \n[models](/mojo-js/mojo-models), [views](/mojo-js/mojo-views), [template engine](/mojo-js/paperclip.js),\n[HTTP router](/mojo-js/mojo-router.js), [mediator](/mojo-js/mojo-bootstrap).\n\n## Browser API\n\n```javascript\n\n```\n',
28 silly publish   readmeFilename: 'README.md',
28 silly publish   gitHead: '974daade89656434f1d0e0b6d01a2cf8272c234a',
28 silly publish   _id: 'mojojs@0.9.0',
28 silly publish   _shasum: 'c20b59b83f71a9b62ab8011146010c2624616239',
28 silly publish   _from: '.' }
29 verbose request where is /mojojs
30 verbose request registry http://registry.npmjs.org/
31 verbose request id c5080c4ef26105e3
32 verbose url raw /mojojs
33 verbose url resolving [ 'http://registry.npmjs.org/', './mojojs' ]
34 verbose url resolved http://registry.npmjs.org/mojojs
35 verbose request where is http://registry.npmjs.org/mojojs
36 info trying registry request attempt 1 at 12:00:36
37 http PUT http://registry.npmjs.org/mojojs
38 http 403 http://registry.npmjs.org/mojojs
39 verbose headers { server: 'CouchDB/1.5.0 (Erlang OTP/R16B03)',
39 verbose headers   'content-type': 'application/json',
39 verbose headers   'cache-control': 'max-age=60',
39 verbose headers   'content-length': '4338',
39 verbose headers   'accept-ranges': 'bytes',
39 verbose headers   date: 'Fri, 26 Sep 2014 19:00:38 GMT',
39 verbose headers   via: '1.1 varnish',
39 verbose headers   connection: 'keep-alive',
39 verbose headers   'x-served-by': 'cache-lax1434-LAX',
39 verbose headers   'x-cache': 'MISS',
39 verbose headers   'x-cache-hits': '0',
39 verbose headers   'x-timer': 'S1411758037.419008,VS0,VE634' }
40 error publish Failed PUT 403
41 error Error: forbidden cannot modify pre-existing version: 0.9.0
41 error old={"name":"mojojs","version":"0.9.0","description":"","main":"./lib/index.js","scripts":{"build":"make all"},"repository":{"type":"git","url":"https://crcn@github.com/classdojo/mojo.js.git"},"author":"","license":"ISC","bugs":{"url":"https://github.com/classdojo/mojo.js/issues"},"homepage":"https://github.com/classdojo/mojo.js","dependencies":{"mojo-application":"0.0.8","mojo-paperclip":"0.4.4","mojo-views":"0.0.3"},"_id":"mojojs@0.9.0","dist":{"shasum":"9c53ac5ae0e251fc969dbc8601ebad0cd02580ee","tarball":"http://registry.npmjs.org/mojojs/-/mojojs-0.9.0.tgz"},"_from":".","_npmVersion":"1.4.3","_npmUser":{"name":"architectd","email":"craig.j.condon@gmail.com"},"maintainers":[{"name":"architectd","email":"craig.j.condon@gmail.com"}]}
41 error new={"name":"mojojs","description":"Mojo.js is a customizable, modular JavaScript framework inspired by Node.js and Backbone.js. The framework is entirely modular - everything is broken out into smaller, more manageable libraries that allow you to cherry-pick exactly what features you want to use for your application. These libraries include the application, models, views, template engine, router. These libraries were designed to work well with one-another, but not depend on each other. This means that you can even use your own models, views, template engine, or router, and Mojo.js will play nicely with them.","version":"0.9.0","main":"./lib/index.js","scripts":{"build":"make all"},"repository":{"type":"git","url":"https://crcn@github.com/classdojo/mojo.js.git"},"author":"","license":"ISC","bugs":{"url":"https://github.com/classdojo/mojo.js/issues"},"browser":{"zepto":"./vendor/zepto.js","jquery":"./vendor/jquery.js","inject":"./vendor/inject/inject.js","inject-css":"./vendor/inject/plugins/css.js","inject-json":"./vendor/inject/plugins/json.js","inject-text":"./vendor/inject/plugins/text.js"},"homepage":"https://github.com/classdojo/mojo.js","dependencies":{"bindable":"0.5.x","inject":"^1.0.0-beta2","mojo-application":"0.0.x","mojo-bootstrap":"0.0.x","mojo-models":"0.1.x","mojo-paperclip":"0.5.x","mojo-router":"0.5.x","mojo-views":"0.1.x","node-static":"^0.7.6","paperclip":"0.4.x"},"devDependencies":{"expect.js":"0.3.1","jshint":"^2.5.4","mocha":"1.21.4","mojo-cli":"0.0.x","static":"^2.0.0"},"readme":"Mojo.js is a customizable, modular JavaScript framework inspired by Node.js and Backbone.js. The framework is entirely modular - everything is broken out into smaller, more manageable libraries that allow you to cherry-pick exactly what features you want to use for your application. These libraries include the application, models, views, template engine, router. These libraries were designed to work well with one-another, but not depend on each other. This means that you can even use your own models, views, template engine, or router, and Mojo.js will play nicely with them.\u000a\u000aMojo.js was designed with the Strangler Pattern in mind. If you already have a pre-existing application, you can easily build Mojo on-top of it without a full, application re-write. Meaning you can slowly ease into it without worrying about the all-or-nothing approach associated with most JavaScript frameworks.\u000a\u000aThis library comes bundles with: \u000a[models](/mojo-js/mojo-models), [views](/mojo-js/mojo-views), [template engine](/mojo-js/paperclip.js),\u000a[HTTP router](/mojo-js/mojo-router.js), [mediator](/mojo-js/mojo-bootstrap).\u000a\u000a## Browser API\u000a\u000a```javascript\u000a\u000a```\u000a","readmeFilename":"README.md","gitHead":"974daade89656434f1d0e0b6d01a2cf8272c234a","_id":"mojojs@0.9.0","_shasum":"c20b59b83f71a9b62ab8011146010c2624616239","_from":".","_npmVersion":"1.4.24","_npmUser":{"name":"architectd","email":"craig.j.condon@gmail.com"},"maintainers":[{"name":"architectd","email":"craig.j.condon@gmail.com"}],"dist":{"shasum":"c20b59b83f71a9b62ab8011146010c2624616239","tarball":"http://registry.npmjs.org/mojojs/-/mojojs-0.9.0.tgz"}}: mojojs
41 error     at RegClient.<anonymous> (/usr/local/lib/node_modules/npm/node_modules/npm-registry-client/lib/request.js:300:14)
41 error     at Request._callback (/usr/local/lib/node_modules/npm/node_modules/npm-registry-client/lib/request.js:238:65)
41 error     at Request.self.callback (/usr/local/lib/node_modules/npm/node_modules/request/request.js:123:22)
41 error     at Request.emit (events.js:98:17)
41 error     at Request.<anonymous> (/usr/local/lib/node_modules/npm/node_modules/request/request.js:893:14)
41 error     at Request.emit (events.js:117:20)
41 error     at IncomingMessage.<anonymous> (/usr/local/lib/node_modules/npm/node_modules/request/request.js:844:12)
41 error     at IncomingMessage.emit (events.js:117:20)
41 error     at _stream_readable.js:938:16
41 error     at process._tickCallback (node.js:419:13)
42 error If you need help, you may report this *entire* log,
42 error including the npm and node versions, at:
42 error     <http://github.com/npm/npm/issues>
43 error System Darwin 13.4.0
44 error command "node" "/usr/local/bin/npm" "publish"
45 error cwd /Users/craig/Developer/Jobs/classdojo/mojo
46 error node -v v0.10.30
47 error npm -v 1.4.24
48 verbose exit [ 1, true ]
